------daughter bash arguments------
0.10
2
single
detailed
0.10 0.15 0.20 0.25 0.30 0.35 0.40
normal
111
111
1500
2000
------end of bash output------
<environment: R_GlobalEnv>
$hyper_f_simulated
[1] 0.1

$hyper_n_rep_raw_data
[1] 2000

$hyper_batch
[1] 2

$hyper_strategy
[1] "single"

$hyper_f_expected
[1] 0.10 0.15 0.20 0.25 0.30 0.35 0.40

$hyper_select_raw_data
[1] "detailed"

$hyper_distribution
[1] "normal"

$hyper_sd_raw_data
[1] "1_1_1"

$hyper_r_raw_data
[1] "1_1_1"

$hyper_n_raw_data
[1] 1500

$hyper_file_type
[1] "rds"

$hyper_raw_data_folder
[1] "raw_data"

$hyper_data_folder
[1] "data"

$hyper_meta_data
[1] "meta_data"

$hyper_cores_reduction
[1] 0

$hyper_seed
[1] 100000

$hyper_parallel
[1] TRUE

$hyper_sink
[1] TRUE

$help
[1] FALSE

f_sim: 0.1, batch: 2, START: 2025-10-09 21:06:11 
[1] 0.1
[1] "   "
Warning message:
In e$fun(obj, substitute(ex), parent.frame(), e$data) :
  already exporting variable(s): hyper_f_expected, alpha, power_vector
f_sim: 0.1, batch: 2, END: 2025-10-09 21:17:06, duration: 10.9 min 
Warning message:
In value[[3L]](cond) :
  beep() could not play the sound due to the following error:
Error in play.default(x, rate, ...): no audio drivers are available

------job is finished------
