========================================
Job ID: 17968075
Node: x0355.mogon
Started: Wed Jan  7 15:46:02 CET 2026
========================================
------daughter bash arguments------
0.20
1
single
detailed
0.10 0.15 0.20 0.25 0.30 0.35 0.40
normal
11
11
1500
10000
------end of bash output------
slurmstepd: error: *** STEP 17968075.0 ON x0355 CANCELLED AT 2026-01-07T17:15:53 DUE TO TIME LIMIT ***
slurmstepd: error: *** JOB 17968075 ON x0355 CANCELLED AT 2026-01-07T17:15:53 DUE TO TIME LIMIT ***
srun: Job step aborted: Waiting up to 32 seconds for job step to finish.
