========================================
Job ID: 17965527
Node: x0466.mogon
Started: Wed Jan  7 09:41:31 CET 2026
========================================
------daughter bash arguments------
0.10
4
single
detailed
0.10 0.15 0.20 0.25 0.30 0.35 0.40
normal
1111
1111
1500
500
------end of bash output------
<environment: R_GlobalEnv>
$hyper_f_simulated
[1] 0.1

$hyper_n_rep_raw_data
[1] 500

$hyper_batch
[1] 4

$hyper_strategy
[1] "single"

$hyper_f_expected
[1] 0.10 0.15 0.20 0.25 0.30 0.35 0.40

$hyper_select_raw_data
[1] "detailed"

$hyper_distribution
[1] "normal"

$hyper_sd_raw_data
[1] "1_1_1_1"

$hyper_r_raw_data
[1] "1_1_1_1"

$hyper_n_raw_data
[1] 1500

$hyper_file_type
[1] "rds"

$hyper_raw_data_folder
[1] "raw_data"

$hyper_data_folder
[1] "data"

$hyper_meta_data
[1] "meta_data"

$hyper_cores_reduction
[1] 0

$hyper_seed
[1] 100000

$hyper_parallel
[1] TRUE

$hyper_sink
[1] TRUE

$help
[1] FALSE

f_sim: 0.1, batch: 4, START: 2026-01-07 09:41:32 
[1] 0.1
[1] "   "
Warning message:
In e$fun(obj, substitute(ex), parent.frame(), e$data) :
  already exporting variable(s): hyper_f_expected, alpha, power_vector
f_sim: 0.1, batch: 4, END: 2026-01-07 09:45:24, duration: 3.9 min 
Warning message:
In value[[3L]](cond) :
  beep() could not play the sound due to the following error:
Error in play.default(x, rate, ...): no audio drivers are available

------job is finished------
Node: x0466.mogon | Finished: Wed Jan  7 09:45:24 CET 2026
